Build started 11/7/2015 6:05:22 PM.
     1>Project "D:\Users\mpg7287\bullet3-2.83.6\src\BulletCollision\BulletCollision.vcxproj" on node 2 (Build target(s)).
     1>Link:
         C:\Program Files (x86)\Microsoft Visual Studio 14.0\VC\bin\x86_amd64\link.exe /ERRORREPORT:PROMPT /OUT:"D:\Users\mpg7287\bullet3-2.83.6\x64\Debug\BulletCollision_Debug.lib" /NOLOGO ..\..\x64\Debug\LinearMath_Debug.lib kernel32.lib user32.lib gdi32.lib winspool.lib comdlg32.lib advapi32.lib shell32.lib ole32.lib oleaut32.lib uuid.lib odbc32.lib odbccp32.lib /MANIFEST /MANIFESTUAC:"level='asInvoker' uiAccess='false'" /manifest:embed /DEBUG /PDB:"D:\Users\mpg7287\bullet3-2.83.6\x64\Debug\BulletCollision_Debug.pdb" /TLBID:1 /DYNAMICBASE /NXCOMPAT /IMPLIB:"D:\Users\mpg7287\bullet3-2.83.6\x64\Debug\BulletCollision_Debug.lib" /MACHINE:X64 /DLL x64\Debug\btAxisSweep3.obj
         x64\Debug\btBroadphaseProxy.obj
         x64\Debug\btCollisionAlgorithm.obj
         x64\Debug\btDbvt.obj
         x64\Debug\btDbvtBroadphase.obj
         x64\Debug\btDispatcher.obj
         x64\Debug\btMultiSapBroadphase.obj
         x64\Debug\btOverlappingPairCache.obj
         x64\Debug\btQuantizedBvh.obj
         x64\Debug\btSimpleBroadphase.obj
         x64\Debug\btActivatingCollisionAlgorithm.obj
         x64\Debug\btBoxBoxCollisionAlgorithm.obj
         x64\Debug\btBox2dBox2dCollisionAlgorithm.obj
         x64\Debug\btBoxBoxDetector.obj
         x64\Debug\btCollisionDispatcher.obj
         x64\Debug\btCollisionObject.obj
         x64\Debug\btCollisionWorld.obj
         x64\Debug\btCollisionWorldImporter.obj
         x64\Debug\btCompoundCollisionAlgorithm.obj
         x64\Debug\btCompoundCompoundCollisionAlgorithm.obj
         x64\Debug\btConvexConcaveCollisionAlgorithm.obj
         x64\Debug\btConvexConvexAlgorithm.obj
         x64\Debug\btConvexPlaneCollisionAlgorithm.obj
         x64\Debug\btConvex2dConvex2dAlgorithm.obj
         x64\Debug\btDefaultCollisionConfiguration.obj
         x64\Debug\btEmptyCollisionAlgorithm.obj
         x64\Debug\btGhostObject.obj
         x64\Debug\btHashedSimplePairCache.obj
         x64\Debug\btInternalEdgeUtility.obj
         x64\Debug\btManifoldResult.obj
         x64\Debug\btSimulationIslandManager.obj
         x64\Debug\btSphereBoxCollisionAlgorithm.obj
         x64\Debug\btSphereSphereCollisionAlgorithm.obj
         x64\Debug\btSphereTriangleCollisionAlgorithm.obj
         x64\Debug\btUnionFind.obj
         x64\Debug\SphereTriangleDetector.obj
         x64\Debug\btBoxShape.obj
         x64\Debug\btBox2dShape.obj
         x64\Debug\btBvhTriangleMeshShape.obj
         x64\Debug\btCapsuleShape.obj
         x64\Debug\btCollisionShape.obj
         x64\Debug\btCompoundShape.obj
         x64\Debug\btConcaveShape.obj
         x64\Debug\btConeShape.obj
         x64\Debug\btConvexHullShape.obj
         x64\Debug\btConvexInternalShape.obj
         x64\Debug\btConvexPointCloudShape.obj
         x64\Debug\btConvexPolyhedron.obj
         x64\Debug\btConvexShape.obj
         x64\Debug\btConvex2dShape.obj
         x64\Debug\btConvexTriangleMeshShape.obj
         x64\Debug\btCylinderShape.obj
         x64\Debug\btEmptyShape.obj
         x64\Debug\btHeightfieldTerrainShape.obj
         x64\Debug\btMinkowskiSumShape.obj
         x64\Debug\btMultimaterialTriangleMeshShape.obj
         x64\Debug\btMultiSphereShape.obj
         x64\Debug\btOptimizedBvh.obj
         x64\Debug\btPolyhedralConvexShape.obj
         x64\Debug\btScaledBvhTriangleMeshShape.obj
         x64\Debug\btShapeHull.obj
         x64\Debug\btSphereShape.obj
         x64\Debug\btStaticPlaneShape.obj
         x64\Debug\btStridingMeshInterface.obj
         x64\Debug\btTetrahedronShape.obj
         x64\Debug\btTriangleBuffer.obj
         x64\Debug\btTriangleCallback.obj
         x64\Debug\btTriangleIndexVertexArray.obj
         x64\Debug\btTriangleIndexVertexMaterialArray.obj
         x64\Debug\btTriangleMesh.obj
         x64\Debug\btTriangleMeshShape.obj
         x64\Debug\btUniformScalingShape.obj
         x64\Debug\btContactProcessing.obj
         x64\Debug\btGenericPoolAllocator.obj
         x64\Debug\btGImpactBvh.obj
         x64\Debug\btGImpactCollisionAlgorithm.obj
         x64\Debug\btGImpactQuantizedBvh.obj
         x64\Debug\btGImpactShape.obj
         x64\Debug\btTriangleShapeEx.obj
         x64\Debug\gim_box_set.obj
         x64\Debug\gim_contact.obj
         x64\Debug\gim_memory.obj
         x64\Debug\gim_tri_collision.obj
         x64\Debug\btContinuousConvexCollision.obj
         x64\Debug\btConvexCast.obj
         x64\Debug\btGjkConvexCast.obj
         x64\Debug\btGjkEpa2.obj
         x64\Debug\btGjkEpaPenetrationDepthSolver.obj
         x64\Debug\btGjkPairDetector.obj
         x64\Debug\btMinkowskiPenetrationDepthSolver.obj
         x64\Debug\btPersistentManifold.obj
         x64\Debug\btRaycastCallback.obj
         x64\Debug\btSubSimplexConvexCast.obj
         x64\Debug\btVoronoiSimplexSolver.obj
         x64\Debug\btPolyhedralContactClipping.obj
         BulletCollision.vcxproj -> D:\Users\mpg7287\bullet3-2.83.6\x64\Debug\BulletCollision_Debug.lib
     1>Done Building Project "D:\Users\mpg7287\bullet3-2.83.6\src\BulletCollision\BulletCollision.vcxproj" (Build target(s)).

Build succeeded.

Time Elapsed 00:00:00.94
