Build started 11/7/2015 5:59:25 PM.
     1>Project "D:\Users\mpg7287\bullet3-2.83.6\src\BulletSoftBody\BulletSoftBody.vcxproj" on node 4 (Build target(s)).
     1>Link:
         C:\Program Files (x86)\Microsoft Visual Studio 14.0\VC\bin\x86_amd64\link.exe /ERRORREPORT:PROMPT /OUT:"D:\Users\mpg7287\bullet3-2.83.6\x64\Debug\BulletSoftBody_Debug.lib" /NOLOGO kernel32.lib user32.lib gdi32.lib winspool.lib comdlg32.lib advapi32.lib shell32.lib ole32.lib oleaut32.lib uuid.lib odbc32.lib odbccp32.lib /MANIFEST /MANIFESTUAC:"level='asInvoker' uiAccess='false'" /manifest:embed /DEBUG /PDB:"D:\Users\mpg7287\bullet3-2.83.6\x64\Debug\BulletSoftBody_Debug.pdb" /TLBID:1 /DYNAMICBASE /NXCOMPAT /IMPLIB:"D:\Users\mpg7287\bullet3-2.83.6\x64\Debug\BulletSoftBody_Debug.lib" /MACHINE:X64 /DLL x64\Debug\btSoftBody.obj
         x64\Debug\btSoftBodyConcaveCollisionAlgorithm.obj
         x64\Debug\btSoftBodyHelpers.obj
         x64\Debug\btSoftBodyRigidBodyCollisionConfiguration.obj
         x64\Debug\btSoftRigidCollisionAlgorithm.obj
         x64\Debug\btSoftRigidDynamicsWorld.obj
         x64\Debug\btSoftSoftCollisionAlgorithm.obj
         x64\Debug\btDefaultSoftBodySolver.obj
     1>btSoftRigidDynamicsWorld.obj : error LNK2001: unresolved external symbol "void * __cdecl btAlignedAllocInternal(unsigned __int64,int)" (?btAlignedAllocInternal@@YAPEAX_KH@Z)
     1>btSoftSoftCollisionAlgorithm.obj : error LNK2001: unresolved external symbol "void * __cdecl btAlignedAllocInternal(unsigned __int64,int)" (?btAlignedAllocInternal@@YAPEAX_KH@Z)
     1>btDefaultSoftBodySolver.obj : error LNK2001: unresolved external symbol "void * __cdecl btAlignedAllocInternal(unsigned __int64,int)" (?btAlignedAllocInternal@@YAPEAX_KH@Z)
     1>btSoftBody.obj : error LNK2001: unresolved external symbol "void * __cdecl btAlignedAllocInternal(unsigned __int64,int)" (?btAlignedAllocInternal@@YAPEAX_KH@Z)
     1>btSoftBodyConcaveCollisionAlgorithm.obj : error LNK2001: unresolved external symbol "void * __cdecl btAlignedAllocInternal(unsigned __int64,int)" (?btAlignedAllocInternal@@YAPEAX_KH@Z)
     1>btSoftBodyHelpers.obj : error LNK2001: unresolved external symbol "void * __cdecl btAlignedAllocInternal(unsigned __int64,int)" (?btAlignedAllocInternal@@YAPEAX_KH@Z)
     1>btSoftBodyRigidBodyCollisionConfiguration.obj : error LNK2001: unresolved external symbol "void * __cdecl btAlignedAllocInternal(unsigned __int64,int)" (?btAlignedAllocInternal@@YAPEAX_KH@Z)
     1>btSoftRigidDynamicsWorld.obj : error LNK2001: unresolved external symbol "void __cdecl btAlignedFreeInternal(void *)" (?btAlignedFreeInternal@@YAXPEAX@Z)
     1>btSoftSoftCollisionAlgorithm.obj : error LNK2001: unresolved external symbol "void __cdecl btAlignedFreeInternal(void *)" (?btAlignedFreeInternal@@YAXPEAX@Z)
     1>btDefaultSoftBodySolver.obj : error LNK2001: unresolved external symbol "void __cdecl btAlignedFreeInternal(void *)" (?btAlignedFreeInternal@@YAXPEAX@Z)
     1>btSoftBody.obj : error LNK2001: unresolved external symbol "void __cdecl btAlignedFreeInternal(void *)" (?btAlignedFreeInternal@@YAXPEAX@Z)
     1>btSoftBodyConcaveCollisionAlgorithm.obj : error LNK2001: unresolved external symbol "void __cdecl btAlignedFreeInternal(void *)" (?btAlignedFreeInternal@@YAXPEAX@Z)
     1>btSoftBodyHelpers.obj : error LNK2001: unresolved external symbol "void __cdecl btAlignedFreeInternal(void *)" (?btAlignedFreeInternal@@YAXPEAX@Z)
     1>btSoftBodyRigidBodyCollisionConfiguration.obj : error LNK2001: unresolved external symbol "void __cdecl btAlignedFreeInternal(void *)" (?btAlignedFreeInternal@@YAXPEAX@Z)
     1>btSoftBody.obj : error LNK2019: unresolved external symbol "public: __cdecl btCollisionObject::btCollisionObject(void)" (??0btCollisionObject@@QEAA@XZ) referenced in function "public: __cdecl btSoftBody::btSoftBody(struct btSoftBodyWorldInfo *,int,class btVector3 const *,float const *)" (??0btSoftBody@@QEAA@PEAUbtSoftBodyWorldInfo@@HPEBVbtVector3@@PEBM@Z)
     1>btSoftBody.obj : error LNK2019: unresolved external symbol "public: virtual __cdecl btCollisionObject::~btCollisionObject(void)" (??1btCollisionObject@@UEAA@XZ) referenced in function "public: virtual __cdecl btSoftBody::~btSoftBody(void)" (??1btSoftBody@@UEAA@XZ)
     1>btSoftBody.obj : error LNK2019: unresolved external symbol "public: void __cdecl btCollisionObject::activate(bool)const " (?activate@btCollisionObject@@QEBAX_N@Z) referenced in function "public: void __cdecl btSoftBody::setRestLengthScale(float)" (?setRestLengthScale@btSoftBody@@QEAAXM@Z)
     1>btSoftBody.obj : error LNK2019: unresolved external symbol "public: virtual char const * __cdecl btCollisionObject::serialize(void *,class btSerializer *)const " (?serialize@btCollisionObject@@UEBAPEBDPEAXPEAVbtSerializer@@@Z) referenced in function "public: virtual char const * __cdecl btSoftBody::serialize(void *,class btSerializer *)const " (?serialize@btSoftBody@@UEBAPEBDPEAXPEAVbtSerializer@@@Z)
     1>btSoftBody.obj : error LNK2001: unresolved external symbol "public: virtual void __cdecl btCollisionObject::serializeSingleObject(class btSerializer *)const " (?serializeSingleObject@btCollisionObject@@UEBAXPEAVbtSerializer@@@Z)
     1>btSoftBody.obj : error LNK2001: unresolved external symbol "public: virtual void __cdecl btCollisionShape::getBoundingSphere(class btVector3 &,float &)const " (?getBoundingSphere@btCollisionShape@@UEBAXAEAVbtVector3@@AEAM@Z)
     1>btSoftBodyConcaveCollisionAlgorithm.obj : error LNK2001: unresolved external symbol "public: virtual void __cdecl btCollisionShape::getBoundingSphere(class btVector3 &,float &)const " (?getBoundingSphere@btCollisionShape@@UEBAXAEAVbtVector3@@AEAM@Z)
     1>btSoftBody.obj : error LNK2001: unresolved external symbol "public: virtual float __cdecl btCollisionShape::getAngularMotionDisc(void)const " (?getAngularMotionDisc@btCollisionShape@@UEBAMXZ)
     1>btSoftBodyConcaveCollisionAlgorithm.obj : error LNK2001: unresolved external symbol "public: virtual float __cdecl btCollisionShape::getAngularMotionDisc(void)const " (?getAngularMotionDisc@btCollisionShape@@UEBAMXZ)
     1>btSoftBody.obj : error LNK2001: unresolved external symbol "public: virtual float __cdecl btCollisionShape::getContactBreakingThreshold(float)const " (?getContactBreakingThreshold@btCollisionShape@@UEBAMM@Z)
     1>btSoftBodyConcaveCollisionAlgorithm.obj : error LNK2001: unresolved external symbol "public: virtual float __cdecl btCollisionShape::getContactBreakingThreshold(float)const " (?getContactBreakingThreshold@btCollisionShape@@UEBAMM@Z)
     1>btSoftBody.obj : error LNK2019: unresolved external symbol "public: virtual char const * __cdecl btCollisionShape::serialize(void *,class btSerializer *)const " (?serialize@btCollisionShape@@UEBAPEBDPEAXPEAVbtSerializer@@@Z) referenced in function "public: virtual char const * __cdecl btConvexInternalShape::serialize(void *,class btSerializer *)const " (?serialize@btConvexInternalShape@@UEBAPEBDPEAXPEAVbtSerializer@@@Z)
     1>btSoftBodyConcaveCollisionAlgorithm.obj : error LNK2001: unresolved external symbol "public: virtual char const * __cdecl btCollisionShape::serialize(void *,class btSerializer *)const " (?serialize@btCollisionShape@@UEBAPEBDPEAXPEAVbtSerializer@@@Z)
     1>btSoftBody.obj : error LNK2001: unresolved external symbol "public: virtual void __cdecl btCollisionShape::serializeSingleShape(class btSerializer *)const " (?serializeSingleShape@btCollisionShape@@UEBAXPEAVbtSerializer@@@Z)
     1>btSoftBodyConcaveCollisionAlgorithm.obj : error LNK2001: unresolved external symbol "public: virtual void __cdecl btCollisionShape::serializeSingleShape(class btSerializer *)const " (?serializeSingleShape@btCollisionShape@@UEBAXPEAVbtSerializer@@@Z)
     1>btSoftBody.obj : error LNK2019: unresolved external symbol "public: __cdecl btConcaveShape::btConcaveShape(void)" (??0btConcaveShape@@QEAA@XZ) referenced in function "public: __cdecl btSoftBodyCollisionShape::btSoftBodyCollisionShape(class btSoftBody *)" (??0btSoftBodyCollisionShape@@QEAA@PEAVbtSoftBody@@@Z)
     1>btSoftBody.obj : error LNK2019: unresolved external symbol "public: virtual __cdecl btConcaveShape::~btConcaveShape(void)" (??1btConcaveShape@@UEAA@XZ) referenced in function "public: virtual __cdecl btSoftBodyCollisionShape::~btSoftBodyCollisionShape(void)" (??1btSoftBodyCollisionShape@@UEAA@XZ)
     1>btSoftBody.obj : error LNK2019: unresolved external symbol "public: virtual __cdecl btConvexShape::~btConvexShape(void)" (??1btConvexShape@@UEAA@XZ) referenced in function "public: virtual __cdecl btConvexInternalShape::~btConvexInternalShape(void)" (??1btConvexInternalShape@@UEAA@XZ)
     1>btSoftBodyConcaveCollisionAlgorithm.obj : error LNK2001: unresolved external symbol "public: virtual __cdecl btConvexShape::~btConvexShape(void)" (??1btConvexShape@@UEAA@XZ)
     1>btSoftBody.obj : error LNK2001: unresolved external symbol "public: virtual void __cdecl btConvexShape::project(class btTransform const &,class btVector3 const &,float &,float &,class btVector3 &,class btVector3 &)const " (?project@btConvexShape@@UEBAXAEBVbtTransform@@AEBVbtVector3@@AEAM2AEAV3@3@Z)
     1>btSoftBodyConcaveCollisionAlgorithm.obj : error LNK2001: unresolved external symbol "public: virtual void __cdecl btConvexShape::project(class btTransform const &,class btVector3 const &,float &,float &,class btVector3 &,class btVector3 &)const " (?project@btConvexShape@@UEBAXAEBVbtTransform@@AEBVbtVector3@@AEAM2AEAV3@3@Z)
     1>btSoftBody.obj : error LNK2019: unresolved external symbol "public: static float __cdecl btGjkEpaSolver2::SignedDistance(class btVector3 const &,float,class btConvexShape const *,class btTransform const &,struct btGjkEpaSolver2::sResults &)" (?SignedDistance@btGjkEpaSolver2@@SAMAEBVbtVector3@@MPEBVbtConvexShape@@AEBVbtTransform@@AEAUsResults@1@@Z) referenced in function "public: static float __cdecl btSparseSdf<3>::DistanceToShape(class btVector3 const &,class btCollisionShape const *)" (?DistanceToShape@?$btSparseSdf@$02@@SAMAEBVbtVector3@@PEBVbtCollisionShape@@@Z)
     1>btSoftBody.obj : error LNK2019: unresolved external symbol "public: static bool __cdecl btGjkEpaSolver2::SignedDistance(class btConvexShape const *,class btTransform const &,class btConvexShape const *,class btTransform const &,class btVector3 const &,struct btGjkEpaSolver2::sResults &)" (?SignedDistance@btGjkEpaSolver2@@SA_NPEBVbtConvexShape@@AEBVbtTransform@@01AEBVbtVector3@@AEAUsResults@1@@Z) referenced in function "public: void __cdecl btSoftColliders::CollideCL_RS::Process(struct btDbvtNode const *)" (?Process@CollideCL_RS@btSoftColliders@@QEAAXPEBUbtDbvtNode@@@Z)
     1>btSoftBody.obj : error LNK2019: unresolved external symbol "public: __cdecl btDbvt::btDbvt(void)" (??0btDbvt@@QEAA@XZ) referenced in function "public: __cdecl btSoftBody::btSoftBody(struct btSoftBodyWorldInfo *,int,class btVector3 const *,float const *)" (??0btSoftBody@@QEAA@PEAUbtSoftBodyWorldInfo@@HPEBVbtVector3@@PEBM@Z)
     1>btSoftBody.obj : error LNK2019: unresolved external symbol "public: __cdecl btDbvt::~btDbvt(void)" (??1btDbvt@@QEAA@XZ) referenced in function "public: virtual __cdecl btSoftBody::~btSoftBody(void)" (??1btSoftBody@@UEAA@XZ)
     1>btSoftBody.obj : error LNK2019: unresolved external symbol "public: void __cdecl btDbvt::clear(void)" (?clear@btDbvt@@QEAAXXZ) referenced in function "public: void __cdecl btSoftBody::predictMotion(float)" (?predictMotion@btSoftBody@@QEAAXM@Z)
     1>btSoftBody.obj : error LNK2019: unresolved external symbol "public: void __cdecl btDbvt::optimizeIncremental(int)" (?optimizeIncremental@btDbvt@@QEAAXH@Z) referenced in function "public: void __cdecl btSoftBody::predictMotion(float)" (?predictMotion@btSoftBody@@QEAAXM@Z)
     1>btSoftBody.obj : error LNK2019: unresolved external symbol "public: struct btDbvtNode * __cdecl btDbvt::insert(struct btDbvtAabbMm const &,void *)" (?insert@btDbvt@@QEAAPEAUbtDbvtNode@@AEBUbtDbvtAabbMm@@PEAX@Z) referenced in function "public: __cdecl btSoftBody::btSoftBody(struct btSoftBodyWorldInfo *,int,class btVector3 const *,float const *)" (??0btSoftBody@@QEAA@PEAUbtSoftBodyWorldInfo@@HPEBVbtVector3@@PEBM@Z)
     1>btSoftBody.obj : error LNK2019: unresolved external symbol "public: void __cdecl btDbvt::update(struct btDbvtNode *,struct btDbvtAabbMm &)" (?update@btDbvt@@QEAAXPEAUbtDbvtNode@@AEAUbtDbvtAabbMm@@@Z) referenced in function "public: void __cdecl btSoftBody::transform(class btTransform const &)" (?transform@btSoftBody@@QEAAXAEBVbtTransform@@@Z)
     1>btSoftBody.obj : error LNK2019: unresolved external symbol "public: bool __cdecl btDbvt::update(struct btDbvtNode *,struct btDbvtAabbMm &,class btVector3 const &,float)" (?update@btDbvt@@QEAA_NPEAUbtDbvtNode@@AEAUbtDbvtAabbMm@@AEBVbtVector3@@M@Z) referenced in function "public: void __cdecl btSoftBody::predictMotion(float)" (?predictMotion@btSoftBody@@QEAAXM@Z)
     1>btSoftBody.obj : error LNK2019: unresolved external symbol "public: void __cdecl btDbvt::remove(struct btDbvtNode *)" (?remove@btDbvt@@QEAAXPEAUbtDbvtNode@@@Z) referenced in function "public: void __cdecl btSoftBody::releaseCluster(int)" (?releaseCluster@btSoftBody@@QEAAXH@Z)
     1>btSoftBody.obj : error LNK2019: unresolved external symbol "public: static void __cdecl CProfileManager::Start_Profile(char const *)" (?Start_Profile@CProfileManager@@SAXPEBD@Z) referenced in function "public: __cdecl CProfileSample::CProfileSample(char const *)" (??0CProfileSample@@QEAA@PEBD@Z)
     1>btSoftRigidDynamicsWorld.obj : error LNK2001: unresolved external symbol "public: static void __cdecl CProfileManager::Start_Profile(char const *)" (?Start_Profile@CProfileManager@@SAXPEBD@Z)
     1>btSoftBody.obj : error LNK2019: unresolved external symbol "public: static void __cdecl CProfileManager::Stop_Profile(void)" (?Stop_Profile@CProfileManager@@SAXXZ) referenced in function "public: __cdecl CProfileSample::~CProfileSample(void)" (??1CProfileSample@@QEAA@XZ)
     1>btSoftRigidDynamicsWorld.obj : error LNK2001: unresolved external symbol "public: static void __cdecl CProfileManager::Stop_Profile(void)" (?Stop_Profile@CProfileManager@@SAXXZ)
     1>btSoftBody.obj : error LNK2019: unresolved external symbol "public: __cdecl btPolarDecomposition::btPolarDecomposition(float,unsigned int)" (??0btPolarDecomposition@@QEAA@MI@Z) referenced in function "int __cdecl PolarDecompose(class btMatrix3x3 const &,class btMatrix3x3 &,class btMatrix3x3 &)" (?PolarDecompose@@YAHAEBVbtMatrix3x3@@AEAV1@1@Z)
     1>btSoftBody.obj : error LNK2019: unresolved external symbol "public: unsigned int __cdecl btPolarDecomposition::decompose(class btMatrix3x3 const &,class btMatrix3x3 &,class btMatrix3x3 &)const " (?decompose@btPolarDecomposition@@QEBAIAEBVbtMatrix3x3@@AEAV2@1@Z) referenced in function "int __cdecl PolarDecompose(class btMatrix3x3 const &,class btMatrix3x3 &,class btMatrix3x3 &)" (?PolarDecompose@@YAHAEBVbtMatrix3x3@@AEAV1@1@Z)
     1>btSoftBody.obj : error LNK2019: unresolved external symbol "protected: __cdecl btConvexInternalShape::btConvexInternalShape(void)" (??0btConvexInternalShape@@IEAA@XZ) referenced in function "public: __cdecl btSoftClusterCollisionShape::btSoftClusterCollisionShape(struct btSoftBody::Cluster const *)" (??0btSoftClusterCollisionShape@@QEAA@PEBUCluster@btSoftBody@@@Z)
     1>btSoftBodyConcaveCollisionAlgorithm.obj : error LNK2001: unresolved external symbol "protected: __cdecl btConvexInternalShape::btConvexInternalShape(void)" (??0btConvexInternalShape@@IEAA@XZ)
     1>btSoftBody.obj : error LNK2001: unresolved external symbol "public: virtual class btVector3 __cdecl btConvexInternalShape::localGetSupportingVertex(class btVector3 const &)const " (?localGetSupportingVertex@btConvexInternalShape@@UEBA?AVbtVector3@@AEBV2@@Z)
     1>btSoftBodyConcaveCollisionAlgorithm.obj : error LNK2001: unresolved external symbol "public: virtual class btVector3 __cdecl btConvexInternalShape::localGetSupportingVertex(class btVector3 const &)const " (?localGetSupportingVertex@btConvexInternalShape@@UEBA?AVbtVector3@@AEBV2@@Z)
     1>btSoftBody.obj : error LNK2001: unresolved external symbol "public: virtual void __cdecl btConvexInternalShape::getAabbSlow(class btTransform const &,class btVector3 &,class btVector3 &)const " (?getAabbSlow@btConvexInternalShape@@UEBAXAEBVbtTransform@@AEAVbtVector3@@1@Z)
     1>btSoftBodyConcaveCollisionAlgorithm.obj : error LNK2001: unresolved external symbol "public: virtual void __cdecl btConvexInternalShape::getAabbSlow(class btTransform const &,class btVector3 &,class btVector3 &)const " (?getAabbSlow@btConvexInternalShape@@UEBAXAEBVbtTransform@@AEAVbtVector3@@1@Z)
     1>btSoftBody.obj : error LNK2001: unresolved external symbol "public: virtual void __cdecl btConvexInternalShape::setLocalScaling(class btVector3 const &)" (?setLocalScaling@btConvexInternalShape@@UEAAXAEBVbtVector3@@@Z)
     1>btSoftBodyConcaveCollisionAlgorithm.obj : error LNK2001: unresolved external symbol "public: virtual void __cdecl btConvexInternalShape::setLocalScaling(class btVector3 const &)" (?setLocalScaling@btConvexInternalShape@@UEAAXAEBVbtVector3@@@Z)
     1>btSoftBody.obj : error LNK2001: unresolved external symbol "public: static float const btPolarDecomposition::DEFAULT_TOLERANCE" (?DEFAULT_TOLERANCE@btPolarDecomposition@@2MB)
     1>btSoftBody.obj : error LNK2001: unresolved external symbol "public: static unsigned int const btPolarDecomposition::DEFAULT_MAX_ITERATIONS" (?DEFAULT_MAX_ITERATIONS@btPolarDecomposition@@2IB)
     1>btSoftBodyConcaveCollisionAlgorithm.obj : error LNK2019: unresolved external symbol "public: __cdecl btCollisionAlgorithm::btCollisionAlgorithm(struct btCollisionAlgorithmConstructionInfo const &)" (??0btCollisionAlgorithm@@QEAA@AEBUbtCollisionAlgorithmConstructionInfo@@@Z) referenced in function "public: __cdecl btSoftBodyConcaveCollisionAlgorithm::btSoftBodyConcaveCollisionAlgorithm(struct btCollisionAlgorithmConstructionInfo const &,struct btCollisionObjectWrapper const *,struct btCollisionObjectWrapper const *,bool)" (??0btSoftBodyConcaveCollisionAlgorithm@@QEAA@AEBUbtCollisionAlgorithmConstructionInfo@@PEBUbtCollisionObjectWrapper@@1_N@Z)
     1>btSoftRigidCollisionAlgorithm.obj : error LNK2001: unresolved external symbol "public: __cdecl btCollisionAlgorithm::btCollisionAlgorithm(struct btCollisionAlgorithmConstructionInfo const &)" (??0btCollisionAlgorithm@@QEAA@AEBUbtCollisionAlgorithmConstructionInfo@@@Z)
     1>btSoftSoftCollisionAlgorithm.obj : error LNK2001: unresolved external symbol "public: __cdecl btCollisionAlgorithm::btCollisionAlgorithm(struct btCollisionAlgorithmConstructionInfo const &)" (??0btCollisionAlgorithm@@QEAA@AEBUbtCollisionAlgorithmConstructionInfo@@@Z)
     1>btSoftBodyConcaveCollisionAlgorithm.obj : error LNK2019: unresolved external symbol "public: virtual __cdecl btTriangleCallback::~btTriangleCallback(void)" (??1btTriangleCallback@@UEAA@XZ) referenced in function "public: virtual __cdecl btSoftBodyTriangleCallback::~btSoftBodyTriangleCallback(void)" (??1btSoftBodyTriangleCallback@@UEAA@XZ)
     1>btSoftBodyConcaveCollisionAlgorithm.obj : error LNK2019: unresolved external symbol "public: __cdecl btPolyhedralConvexShape::btPolyhedralConvexShape(void)" (??0btPolyhedralConvexShape@@QEAA@XZ) referenced in function "public: __cdecl btTriangleShape::btTriangleShape(class btVector3 const &,class btVector3 const &,class btVector3 const &)" (??0btTriangleShape@@QEAA@AEBVbtVector3@@00@Z)
     1>btSoftBodyConcaveCollisionAlgorithm.obj : error LNK2019: unresolved external symbol "public: virtual __cdecl btPolyhedralConvexShape::~btPolyhedralConvexShape(void)" (??1btPolyhedralConvexShape@@UEAA@XZ) referenced in function "int `public: __cdecl btTriangleShape::btTriangleShape(class btVector3 const &,class btVector3 const &,class btVector3 const &)'::`1'::dtor$0" (?dtor$0@?0???0btTriangleShape@@QEAA@AEBVbtVector3@@00@Z@4HA)
     1>btSoftBodyConcaveCollisionAlgorithm.obj : error LNK2001: unresolved external symbol "public: virtual bool __cdecl btPolyhedralConvexShape::initializePolyhedralFeatures(int)" (?initializePolyhedralFeatures@btPolyhedralConvexShape@@UEAA_NH@Z)
     1>btSoftBodyConcaveCollisionAlgorithm.obj : error LNK2001: unresolved external symbol "public: virtual class btVector3 __cdecl btSphereShape::localGetSupportingVertex(class btVector3 const &)const " (?localGetSupportingVertex@btSphereShape@@UEBA?AVbtVector3@@AEBV2@@Z)
     1>btSoftBodyConcaveCollisionAlgorithm.obj : error LNK2001: unresolved external symbol "public: virtual class btVector3 __cdecl btSphereShape::localGetSupportingVertexWithoutMargin(class btVector3 const &)const " (?localGetSupportingVertexWithoutMargin@btSphereShape@@UEBA?AVbtVector3@@AEBV2@@Z)
     1>btSoftBodyConcaveCollisionAlgorithm.obj : error LNK2001: unresolved external symbol "public: virtual void __cdecl btSphereShape::batchedUnitVectorGetSupportingVertexWithoutMargin(class btVector3 const *,class btVector3 *,int)const " (?batchedUnitVectorGetSupportingVertexWithoutMargin@btSphereShape@@UEBAXPEBVbtVector3@@PEAV2@H@Z)
     1>btSoftBodyConcaveCollisionAlgorithm.obj : error LNK2001: unresolved external symbol "public: virtual void __cdecl btSphereShape::calculateLocalInertia(float,class btVector3 &)const " (?calculateLocalInertia@btSphereShape@@UEBAXMAEAVbtVector3@@@Z)
     1>btSoftBodyConcaveCollisionAlgorithm.obj : error LNK2001: unresolved external symbol "public: virtual void __cdecl btSphereShape::getAabb(class btTransform const &,class btVector3 &,class btVector3 &)const " (?getAabb@btSphereShape@@UEBAXAEBVbtTransform@@AEAVbtVector3@@1@Z)
     1>btSoftBodyConcaveCollisionAlgorithm.obj : error LNK2019: unresolved external symbol "public: __cdecl btConvexHullShape::btConvexHullShape(float const *,int,int)" (??0btConvexHullShape@@QEAA@PEBMHH@Z) referenced in function "public: virtual void __cdecl btSoftBodyTriangleCallback::processTriangle(class btVector3 *,int,int)" (?processTriangle@btSoftBodyTriangleCallback@@UEAAXPEAVbtVector3@@HH@Z)
     1>btSoftBodyConcaveCollisionAlgorithm.obj : error LNK2019: unresolved external symbol "public: virtual __cdecl btConvexCast::~btConvexCast(void)" (??1btConvexCast@@UEAA@XZ) referenced in function "public: virtual __cdecl btSubsimplexConvexCast::~btSubsimplexConvexCast(void)" (??1btSubsimplexConvexCast@@UEAA@XZ)
     1>btSoftBodyConcaveCollisionAlgorithm.obj : error LNK2019: unresolved external symbol "public: __cdecl btSubsimplexConvexCast::btSubsimplexConvexCast(class btConvexShape const *,class btConvexShape const *,class btVoronoiSimplexSolver *)" (??0btSubsimplexConvexCast@@QEAA@PEBVbtConvexShape@@0PEAVbtVoronoiSimplexSolver@@@Z) referenced in function "public: virtual void __cdecl `public: virtual float __cdecl btSoftBodyConcaveCollisionAlgorithm::calculateTimeOfImpact(class btCollisionObject *,class btCollisionObject *,struct btDispatcherInfo const &,class btManifoldResult *)'::`2'::LocalTriangleSphereCastCallback::processTriangle(class btVector3 *,int,int)" (?processTriangle@LocalTriangleSphereCastCallback@?1??calculateTimeOfImpact@btSoftBodyConcaveCollisionAlgorithm@@UEAAMPEAVbtCollisionObject@@0AEBUbtDispatcherInfo@@PEAVbtManifoldResult@@@Z@UEAAXPEAVbtVector3@@HH@Z)
     1>btSoftBodyConcaveCollisionAlgorithm.obj : error LNK2019: unresolved external symbol "public: virtual bool __cdecl btSubsimplexConvexCast::calcTimeOfImpact(class btTransform const &,class btTransform const &,class btTransform const &,class btTransform const &,struct btConvexCast::CastResult &)" (?calcTimeOfImpact@btSubsimplexConvexCast@@UEAA_NAEBVbtTransform@@000AEAUCastResult@btConvexCast@@@Z) referenced in function "public: virtual void __cdecl `public: virtual float __cdecl btSoftBodyConcaveCollisionAlgorithm::calculateTimeOfImpact(class btCollisionObject *,class btCollisionObject *,struct btDispatcherInfo const &,class btManifoldResult *)'::`2'::LocalTriangleSphereCastCallback::processTriangle(class btVector3 *,int,int)" (?processTriangle@LocalTriangleSphereCastCallback@?1??calculateTimeOfImpact@btSoftBodyConcaveCollisionAlgorithm@@UEAAMPEAVbtCollisionObject@@0AEBUbtDispatcherInfo@@PEAVbtManifoldResult@@@Z@UEAAXPEAVbtVector3@@HH@Z)
     1>btSoftBodyHelpers.obj : error LNK2019: unresolved external symbol "public: enum HullError __cdecl HullLibrary::CreateConvexHull(class HullDesc const &,class HullResult &)" (?CreateConvexHull@HullLibrary@@QEAA?AW4HullError@@AEBVHullDesc@@AEAVHullResult@@@Z) referenced in function "public: static class btSoftBody * __cdecl btSoftBodyHelpers::CreateFromConvexHull(struct btSoftBodyWorldInfo &,class btVector3 const *,int,bool)" (?CreateFromConvexHull@btSoftBodyHelpers@@SAPEAVbtSoftBody@@AEAUbtSoftBodyWorldInfo@@PEBVbtVector3@@H_N@Z)
     1>btSoftBodyHelpers.obj : error LNK2019: unresolved external symbol "public: enum HullError __cdecl HullLibrary::ReleaseResult(class HullResult &)" (?ReleaseResult@HullLibrary@@QEAA?AW4HullError@@AEAVHullResult@@@Z) referenced in function "public: static class btSoftBody * __cdecl btSoftBodyHelpers::CreateFromConvexHull(struct btSoftBodyWorldInfo &,class btVector3 const *,int,bool)" (?CreateFromConvexHull@btSoftBodyHelpers@@SAPEAVbtSoftBody@@AEAUbtSoftBodyWorldInfo@@PEBVbtVector3@@H_N@Z)
     1>btSoftBodyHelpers.obj : error LNK2019: unresolved external symbol "private: float __cdecl btConvexHullComputer::compute(void const *,bool,int,int,float,float)" (?compute@btConvexHullComputer@@AEAAMPEBX_NHHMM@Z) referenced in function "public: float __cdecl btConvexHullComputer::compute(float const *,int,int,float,float)" (?compute@btConvexHullComputer@@QEAAMPEBMHHMM@Z)
     1>btSoftBodyRigidBodyCollisionConfiguration.obj : error LNK2019: unresolved external symbol "public: __cdecl btDefaultCollisionConfiguration::btDefaultCollisionConfiguration(struct btDefaultCollisionConstructionInfo const &)" (??0btDefaultCollisionConfiguration@@QEAA@AEBUbtDefaultCollisionConstructionInfo@@@Z) referenced in function "public: __cdecl btSoftBodyRigidBodyCollisionConfiguration::btSoftBodyRigidBodyCollisionConfiguration(struct btDefaultCollisionConstructionInfo const &)" (??0btSoftBodyRigidBodyCollisionConfiguration@@QEAA@AEBUbtDefaultCollisionConstructionInfo@@@Z)
     1>btSoftBodyRigidBodyCollisionConfiguration.obj : error LNK2019: unresolved external symbol "public: virtual __cdecl btDefaultCollisionConfiguration::~btDefaultCollisionConfiguration(void)" (??1btDefaultCollisionConfiguration@@UEAA@XZ) referenced in function "public: virtual __cdecl btSoftBodyRigidBodyCollisionConfiguration::~btSoftBodyRigidBodyCollisionConfiguration(void)" (??1btSoftBodyRigidBodyCollisionConfiguration@@UEAA@XZ)
     1>btSoftBodyRigidBodyCollisionConfiguration.obj : error LNK2019: unresolved external symbol "public: virtual struct btCollisionAlgorithmCreateFunc * __cdecl btDefaultCollisionConfiguration::getCollisionAlgorithmCreateFunc(int,int)" (?getCollisionAlgorithmCreateFunc@btDefaultCollisionConfiguration@@UEAAPEAUbtCollisionAlgorithmCreateFunc@@HH@Z) referenced in function "public: virtual struct btCollisionAlgorithmCreateFunc * __cdecl btSoftBodyRigidBodyCollisionConfiguration::getCollisionAlgorithmCreateFunc(int,int)" (?getCollisionAlgorithmCreateFunc@btSoftBodyRigidBodyCollisionConfiguration@@UEAAPEAUbtCollisionAlgorithmCreateFunc@@HH@Z)
     1>btSoftRigidDynamicsWorld.obj : error LNK2019: unresolved external symbol "protected: void __cdecl btCollisionWorld::serializeCollisionObjects(class btSerializer *)" (?serializeCollisionObjects@btCollisionWorld@@IEAAXPEAVbtSerializer@@@Z) referenced in function "public: virtual void __cdecl btSoftRigidDynamicsWorld::serialize(class btSerializer *)" (?serialize@btSoftRigidDynamicsWorld@@UEAAXPEAVbtSerializer@@@Z)
     1>btSoftRigidDynamicsWorld.obj : error LNK2001: unresolved external symbol "public: virtual void __cdecl btCollisionWorld::updateAabbs(void)" (?updateAabbs@btCollisionWorld@@UEAAXXZ)
     1>btSoftRigidDynamicsWorld.obj : error LNK2001: unresolved external symbol "public: virtual void __cdecl btCollisionWorld::computeOverlappingPairs(void)" (?computeOverlappingPairs@btCollisionWorld@@UEAAXXZ)
     1>btSoftRigidDynamicsWorld.obj : error LNK2001: unresolved external symbol "public: virtual void __cdecl btCollisionWorld::debugDrawObject(class btTransform const &,class btCollisionShape const *,class btVector3 const &)" (?debugDrawObject@btCollisionWorld@@UEAAXAEBVbtTransform@@PEBVbtCollisionShape@@AEBVbtVector3@@@Z)
     1>btSoftRigidDynamicsWorld.obj : error LNK2019: unresolved external symbol "public: static void __cdecl btCollisionWorld::rayTestSingle(class btTransform const &,class btTransform const &,class btCollisionObject *,class btCollisionShape const *,class btTransform const &,struct btCollisionWorld::RayResultCallback &)" (?rayTestSingle@btCollisionWorld@@SAXAEBVbtTransform@@0PEAVbtCollisionObject@@PEBVbtCollisionShape@@0AEAURayResultCallback@1@@Z) referenced in function "public: static void __cdecl btSoftRigidDynamicsWorld::rayTestSingle(class btTransform const &,class btTransform const &,class btCollisionObject *,class btCollisionShape const *,class btTransform const &,struct btCollisionWorld::RayResultCallback &)" (?rayTestSingle@btSoftRigidDynamicsWorld@@SAXAEBVbtTransform@@0PEAVbtCollisionObject@@PEBVbtCollisionShape@@0AEAURayResultCallback@btCollisionWorld@@@Z)
     1>btSoftRigidDynamicsWorld.obj : error LNK2019: unresolved external symbol "public: virtual void __cdecl btCollisionWorld::addCollisionObject(class btCollisionObject *,short,short)" (?addCollisionObject@btCollisionWorld@@UEAAXPEAVbtCollisionObject@@FF@Z) referenced in function "public: void __cdecl btSoftRigidDynamicsWorld::addSoftBody(class btSoftBody *,short,short)" (?addSoftBody@btSoftRigidDynamicsWorld@@QEAAXPEAVbtSoftBody@@FF@Z)
     1>btSoftRigidDynamicsWorld.obj : error LNK2019: unresolved external symbol "public: virtual void __cdecl btCollisionWorld::removeCollisionObject(class btCollisionObject *)" (?removeCollisionObject@btCollisionWorld@@UEAAXPEAVbtCollisionObject@@@Z) referenced in function "public: void __cdecl btSoftRigidDynamicsWorld::removeSoftBody(class btSoftBody *)" (?removeSoftBody@btSoftRigidDynamicsWorld@@QEAAXPEAVbtSoftBody@@@Z)
     1>btSoftRigidDynamicsWorld.obj : error LNK2001: unresolved external symbol "public: virtual void __cdecl btCollisionWorld::performDiscreteCollisionDetection(void)" (?performDiscreteCollisionDetection@btCollisionWorld@@UEAAXXZ)
     1>btSoftRigidDynamicsWorld.obj : error LNK2019: unresolved external symbol "protected: virtual void __cdecl btDiscreteDynamicsWorld::predictUnconstraintMotion(float)" (?predictUnconstraintMotion@btDiscreteDynamicsWorld@@MEAAXM@Z) referenced in function "protected: virtual void __cdecl btSoftRigidDynamicsWorld::predictUnconstraintMotion(float)" (?predictUnconstraintMotion@btSoftRigidDynamicsWorld@@MEAAXM@Z)
     1>btSoftRigidDynamicsWorld.obj : error LNK2001: unresolved external symbol "protected: virtual void __cdecl btDiscreteDynamicsWorld::integrateTransforms(float)" (?integrateTransforms@btDiscreteDynamicsWorld@@MEAAXM@Z)
     1>btSoftRigidDynamicsWorld.obj : error LNK2001: unresolved external symbol "protected: virtual void __cdecl btDiscreteDynamicsWorld::calculateSimulationIslands(void)" (?calculateSimulationIslands@btDiscreteDynamicsWorld@@MEAAXXZ)
     1>btSoftRigidDynamicsWorld.obj : error LNK2001: unresolved external symbol "protected: virtual void __cdecl btDiscreteDynamicsWorld::solveConstraints(struct btContactSolverInfo &)" (?solveConstraints@btDiscreteDynamicsWorld@@MEAAXAEAUbtContactSolverInfo@@@Z)
     1>btSoftRigidDynamicsWorld.obj : error LNK2001: unresolved external symbol "protected: virtual void __cdecl btDiscreteDynamicsWorld::updateActivationState(float)" (?updateActivationState@btDiscreteDynamicsWorld@@MEAAXM@Z)
     1>btSoftRigidDynamicsWorld.obj : error LNK2019: unresolved external symbol "protected: void __cdecl btDiscreteDynamicsWorld::updateActions(float)" (?updateActions@btDiscreteDynamicsWorld@@IEAAXM@Z) referenced in function "public: virtual void __cdecl btDiscreteDynamicsWorld::updateVehicles(float)" (?updateVehicles@btDiscreteDynamicsWorld@@UEAAXM@Z)
     1>btSoftRigidDynamicsWorld.obj : error LNK2019: unresolved external symbol "protected: virtual void __cdecl btDiscreteDynamicsWorld::internalSingleStepSimulation(float)" (?internalSingleStepSimulation@btDiscreteDynamicsWorld@@MEAAXM@Z) referenced in function "protected: virtual void __cdecl btSoftRigidDynamicsWorld::internalSingleStepSimulation(float)" (?internalSingleStepSimulation@btSoftRigidDynamicsWorld@@MEAAXM@Z)
     1>btSoftRigidDynamicsWorld.obj : error LNK2001: unresolved external symbol "protected: virtual void __cdecl btDiscreteDynamicsWorld::saveKinematicState(float)" (?saveKinematicState@btDiscreteDynamicsWorld@@MEAAXM@Z)
     1>btSoftRigidDynamicsWorld.obj : error LNK2019: unresolved external symbol "protected: void __cdecl btDiscreteDynamicsWorld::serializeRigidBodies(class btSerializer *)" (?serializeRigidBodies@btDiscreteDynamicsWorld@@IEAAXPEAVbtSerializer@@@Z) referenced in function "public: virtual void __cdecl btSoftRigidDynamicsWorld::serialize(class btSerializer *)" (?serialize@btSoftRigidDynamicsWorld@@UEAAXPEAVbtSerializer@@@Z)
     1>btSoftRigidDynamicsWorld.obj : error LNK2019: unresolved external symbol "protected: void __cdecl btDiscreteDynamicsWorld::serializeDynamicsWorldInfo(class btSerializer *)" (?serializeDynamicsWorldInfo@btDiscreteDynamicsWorld@@IEAAXPEAVbtSerializer@@@Z) referenced in function "public: virtual void __cdecl btSoftRigidDynamicsWorld::serialize(class btSerializer *)" (?serialize@btSoftRigidDynamicsWorld@@UEAAXPEAVbtSerializer@@@Z)
     1>btSoftRigidDynamicsWorld.obj : error LNK2019: unresolved external symbol "public: __cdecl btDiscreteDynamicsWorld::btDiscreteDynamicsWorld(class btDispatcher *,class btBroadphaseInterface *,class btConstraintSolver *,class btCollisionConfiguration *)" (??0btDiscreteDynamicsWorld@@QEAA@PEAVbtDispatcher@@PEAVbtBroadphaseInterface@@PEAVbtConstraintSolver@@PEAVbtCollisionConfiguration@@@Z) referenced in function "public: __cdecl btSoftRigidDynamicsWorld::btSoftRigidDynamicsWorld(class btDispatcher *,class btBroadphaseInterface *,class btConstraintSolver *,class btCollisionConfiguration *,class btSoftBodySolver *)" (??0btSoftRigidDynamicsWorld@@QEAA@PEAVbtDispatcher@@PEAVbtBroadphaseInterface@@PEAVbtConstraintSolver@@PEAVbtCollisionConfiguration@@PEAVbtSoftBodySolver@@@Z)
     1>btSoftRigidDynamicsWorld.obj : error LNK2019: unresolved external symbol "public: virtual __cdecl btDiscreteDynamicsWorld::~btDiscreteDynamicsWorld(void)" (??1btDiscreteDynamicsWorld@@UEAA@XZ) referenced in function "public: virtual __cdecl btSoftRigidDynamicsWorld::~btSoftRigidDynamicsWorld(void)" (??1btSoftRigidDynamicsWorld@@UEAA@XZ)
     1>btSoftRigidDynamicsWorld.obj : error LNK2001: unresolved external symbol "public: virtual int __cdecl btDiscreteDynamicsWorld::stepSimulation(float,int,float)" (?stepSimulation@btDiscreteDynamicsWorld@@UEAAHMHM@Z)
     1>btSoftRigidDynamicsWorld.obj : error LNK2001: unresolved external symbol "public: virtual void __cdecl btDiscreteDynamicsWorld::synchronizeMotionStates(void)" (?synchronizeMotionStates@btDiscreteDynamicsWorld@@UEAAXXZ)
     1>btSoftRigidDynamicsWorld.obj : error LNK2001: unresolved external symbol "public: virtual void __cdecl btDiscreteDynamicsWorld::addConstraint(class btTypedConstraint *,bool)" (?addConstraint@btDiscreteDynamicsWorld@@UEAAXPEAVbtTypedConstraint@@_N@Z)
     1>btSoftRigidDynamicsWorld.obj : error LNK2001: unresolved external symbol "public: virtual void __cdecl btDiscreteDynamicsWorld::removeConstraint(class btTypedConstraint *)" (?removeConstraint@btDiscreteDynamicsWorld@@UEAAXPEAVbtTypedConstraint@@@Z)
     1>btSoftRigidDynamicsWorld.obj : error LNK2001: unresolved external symbol "public: virtual void __cdecl btDiscreteDynamicsWorld::addAction(class btActionInterface *)" (?addAction@btDiscreteDynamicsWorld@@UEAAXPEAVbtActionInterface@@@Z)
     1>btSoftRigidDynamicsWorld.obj : error LNK2001: unresolved external symbol "public: virtual void __cdecl btDiscreteDynamicsWorld::removeAction(class btActionInterface *)" (?removeAction@btDiscreteDynamicsWorld@@UEAAXPEAVbtActionInterface@@@Z)
     1>btSoftRigidDynamicsWorld.obj : error LNK2001: unresolved external symbol "public: virtual void __cdecl btDiscreteDynamicsWorld::setGravity(class btVector3 const &)" (?setGravity@btDiscreteDynamicsWorld@@UEAAXAEBVbtVector3@@@Z)
     1>btSoftRigidDynamicsWorld.obj : error LNK2001: unresolved external symbol "public: virtual class btVector3 __cdecl btDiscreteDynamicsWorld::getGravity(void)const " (?getGravity@btDiscreteDynamicsWorld@@UEBA?AVbtVector3@@XZ)
     1>btSoftRigidDynamicsWorld.obj : error LNK2001: unresolved external symbol "public: virtual void __cdecl btDiscreteDynamicsWorld::addCollisionObject(class btCollisionObject *,short,short)" (?addCollisionObject@btDiscreteDynamicsWorld@@UEAAXPEAVbtCollisionObject@@FF@Z)
     1>btSoftRigidDynamicsWorld.obj : error LNK2001: unresolved external symbol "public: virtual void __cdecl btDiscreteDynamicsWorld::addRigidBody(class btRigidBody *)" (?addRigidBody@btDiscreteDynamicsWorld@@UEAAXPEAVbtRigidBody@@@Z)
     1>btSoftRigidDynamicsWorld.obj : error LNK2001: unresolved external symbol "public: virtual void __cdecl btDiscreteDynamicsWorld::addRigidBody(class btRigidBody *,short,short)" (?addRigidBody@btDiscreteDynamicsWorld@@UEAAXPEAVbtRigidBody@@FF@Z)
     1>btSoftRigidDynamicsWorld.obj : error LNK2001: unresolved external symbol "public: virtual void __cdecl btDiscreteDynamicsWorld::removeRigidBody(class btRigidBody *)" (?removeRigidBody@btDiscreteDynamicsWorld@@UEAAXPEAVbtRigidBody@@@Z)
     1>btSoftRigidDynamicsWorld.obj : error LNK2019: unresolved external symbol "public: virtual void __cdecl btDiscreteDynamicsWorld::removeCollisionObject(class btCollisionObject *)" (?removeCollisionObject@btDiscreteDynamicsWorld@@UEAAXPEAVbtCollisionObject@@@Z) referenced in function "public: virtual void __cdecl btSoftRigidDynamicsWorld::removeCollisionObject(class btCollisionObject *)" (?removeCollisionObject@btSoftRigidDynamicsWorld@@UEAAXPEAVbtCollisionObject@@@Z)
     1>btSoftRigidDynamicsWorld.obj : error LNK2001: unresolved external symbol "public: virtual void __cdecl btDiscreteDynamicsWorld::debugDrawConstraint(class btTypedConstraint *)" (?debugDrawConstraint@btDiscreteDynamicsWorld@@UEAAXPEAVbtTypedConstraint@@@Z)
     1>btSoftRigidDynamicsWorld.obj : error LNK2019: unresolved external symbol "public: virtual void __cdecl btDiscreteDynamicsWorld::debugDrawWorld(void)" (?debugDrawWorld@btDiscreteDynamicsWorld@@UEAAXXZ) referenced in function "public: virtual void __cdecl btSoftRigidDynamicsWorld::debugDrawWorld(void)" (?debugDrawWorld@btSoftRigidDynamicsWorld@@UEAAXXZ)
     1>btSoftRigidDynamicsWorld.obj : error LNK2001: unresolved external symbol "public: virtual void __cdecl btDiscreteDynamicsWorld::setConstraintSolver(class btConstraintSolver *)" (?setConstraintSolver@btDiscreteDynamicsWorld@@UEAAXPEAVbtConstraintSolver@@@Z)
     1>btSoftRigidDynamicsWorld.obj : error LNK2001: unresolved external symbol "public: virtual class btConstraintSolver * __cdecl btDiscreteDynamicsWorld::getConstraintSolver(void)" (?getConstraintSolver@btDiscreteDynamicsWorld@@UEAAPEAVbtConstraintSolver@@XZ)
     1>btSoftRigidDynamicsWorld.obj : error LNK2001: unresolved external symbol "public: virtual int __cdecl btDiscreteDynamicsWorld::getNumConstraints(void)const " (?getNumConstraints@btDiscreteDynamicsWorld@@UEBAHXZ)
     1>btSoftRigidDynamicsWorld.obj : error LNK2001: unresolved external symbol "public: virtual class btTypedConstraint * __cdecl btDiscreteDynamicsWorld::getConstraint(int)" (?getConstraint@btDiscreteDynamicsWorld@@UEAAPEAVbtTypedConstraint@@H@Z)
     1>btSoftRigidDynamicsWorld.obj : error LNK2001: unresolved external symbol "public: virtual class btTypedConstraint const * __cdecl btDiscreteDynamicsWorld::getConstraint(int)const " (?getConstraint@btDiscreteDynamicsWorld@@UEBAPEBVbtTypedConstraint@@H@Z)
     1>btSoftRigidDynamicsWorld.obj : error LNK2001: unresolved external symbol "public: virtual void __cdecl btDiscreteDynamicsWorld::clearForces(void)" (?clearForces@btDiscreteDynamicsWorld@@UEAAXXZ)
     1>btSoftRigidDynamicsWorld.obj : error LNK2001: unresolved external symbol "public: virtual void __cdecl btDiscreteDynamicsWorld::applyGravity(void)" (?applyGravity@btDiscreteDynamicsWorld@@UEAAXXZ)
     1>btSoftRigidDynamicsWorld.obj : error LNK2001: unresolved external symbol "public: virtual void __cdecl btDiscreteDynamicsWorld::addVehicle(class btActionInterface *)" (?addVehicle@btDiscreteDynamicsWorld@@UEAAXPEAVbtActionInterface@@@Z)
     1>btSoftRigidDynamicsWorld.obj : error LNK2001: unresolved external symbol "public: virtual void __cdecl btDiscreteDynamicsWorld::removeVehicle(class btActionInterface *)" (?removeVehicle@btDiscreteDynamicsWorld@@UEAAXPEAVbtActionInterface@@@Z)
     1>btSoftRigidDynamicsWorld.obj : error LNK2001: unresolved external symbol "public: virtual void __cdecl btDiscreteDynamicsWorld::addCharacter(class btActionInterface *)" (?addCharacter@btDiscreteDynamicsWorld@@UEAAXPEAVbtActionInterface@@@Z)
     1>btSoftRigidDynamicsWorld.obj : error LNK2001: unresolved external symbol "public: virtual void __cdecl btDiscreteDynamicsWorld::removeCharacter(class btActionInterface *)" (?removeCharacter@btDiscreteDynamicsWorld@@UEAAXPEAVbtActionInterface@@@Z)
     1>D:\Users\mpg7287\bullet3-2.83.6\x64\Debug\BulletSoftBody_Debug.lib : fatal error LNK1120: 102 unresolved externals
     1>Done Building Project "D:\Users\mpg7287\bullet3-2.83.6\src\BulletSoftBody\BulletSoftBody.vcxproj" (Build target(s)) -- FAILED.

Build FAILED.

Time Elapsed 00:00:01.23
