Build started 9/2/2015 7:54:17 PM.
     1>Project "E:\VS2015\RIT\VixenEngine\VS2015\VGame\VGame.vcxproj" on node 2 (Build target(s)).
     1>C:\Program Files (x86)\MSBuild\Microsoft.Cpp\v4.0\V140\Microsoft.CppBuild.targets(392,5): warning MSB8028: The intermediate directory (E:\VS2015\RIT\VixenEngine\VS2015\Temp\x64\Debug\) contains files shared from another project (VCore.vcxproj, VGraphics.vcxproj).  This can lead to incorrect clean and rebuild behavior.
     1>ClCompile:
         C:\Program Files (x86)\Microsoft Visual Studio 14.0\VC\bin\x86_amd64\CL.exe /c /ZI /nologo /W3 /WX- /sdl /Od /D _DEBUG /D _WINDOWS /D _USRDLL /D VGAME_EXPORTS /D _WINDLL /D _UNICODE /D UNICODE /D VIX_NONCLIENT_BUILD /D VIX_DIRECTX_BUILD /Gm /EHsc /RTC1 /MDd /GS /fp:precise /Zc:wchar_t /Zc:forScope /Zc:inline /Fo"E:\VS2015\RIT\VixenEngine\VS2015\Temp\x64\Debug\\" /Fd"E:\VS2015\RIT\VixenEngine\VS2015\Temp\x64\Debug\vc140.pdb" /Gd /TP /errorReport:prompt ..\..\source\vgame\vix_game.cpp ..\..\source\vgame\vix_gameconfig.cpp ..\..\source\vgame\vix_sdlwindow.cpp
         vix_sdlwindow.cpp
         vix_gameconfig.cpp
         vix_game.cpp
         Generating Code...
       Link:
         C:\Program Files (x86)\Microsoft Visual Studio 14.0\VC\bin\x86_amd64\link.exe /ERRORREPORT:PROMPT /OUT:"E:\VS2015\RIT\VixenEngine\VS2015\..\dependencies\x64\Vixen\VGame\VGamed.dll" /INCREMENTAL /NOLOGO VCored.lib VGraphicsd.lib tinyxml2.lib FreeImage.lib SDL2.lib d3d11.lib d3dcompiler.lib assimp.lib kernel32.lib user32.lib gdi32.lib winspool.lib comdlg32.lib advapi32.lib shell32.lib ole32.lib oleaut32.lib uuid.lib odbc32.lib odbccp32.lib /MANIFEST /MANIFESTUAC:"level='asInvoker' uiAccess='false'" /manifest:embed /Debug /PDB:"E:\VS2015\RIT\VixenEngine\VS2015\..\dependencies\x64\Vixen\VGame\VGamed.pdb" /SUBSYSTEM:WINDOWS /TLBID:1 /DYNAMICBASE /NXCOMPAT /IMPLIB:"E:\VS2015\RIT\VixenEngine\VS2015\..\dependencies\x64\Vixen\VGame\VGamed.lib" /MACHINE:X64 /DLL E:\VS2015\RIT\VixenEngine\VS2015\Temp\x64\Debug\vix_resourcemanager.obj
         E:\VS2015\RIT\VixenEngine\VS2015\Temp\x64\Debug\vix_game.obj
         E:\VS2015\RIT\VixenEngine\VS2015\Temp\x64\Debug\vix_gameconfig.obj
         E:\VS2015\RIT\VixenEngine\VS2015\Temp\x64\Debug\vix_sdlinput.obj
         E:\VS2015\RIT\VixenEngine\VS2015\Temp\x64\Debug\vix_sdltimer.obj
         E:\VS2015\RIT\VixenEngine\VS2015\Temp\x64\Debug\vix_sdlwindow.obj
            Creating library E:\VS2015\RIT\VixenEngine\VS2015\..\dependencies\x64\Vixen\VGame\VGamed.lib and object E:\VS2015\RIT\VixenEngine\VS2015\..\dependencies\x64\Vixen\VGame\VGamed.exp
         VGame.vcxproj -> E:\VS2015\RIT\VixenEngine\VS2015\..\dependencies\x64\Vixen\VGame\VGamed.dll
       PostBuildEvent:
         xcopy /y "E:\VS2015\RIT\VixenEngine\VS2015\..\dependencies\x64\Vixen\VGame\VGamed.dll" "E:\VS2015\RIT\VixenEngine\VS2015\x64\Debug"
         :VCEnd
         E:\VS2015\RIT\VixenEngine\VS2015\..\dependencies\x64\Vixen\VGame\VGamed.dll
         1 File(s) copied
     1>Done Building Project "E:\VS2015\RIT\VixenEngine\VS2015\VGame\VGame.vcxproj" (Build target(s)).

Build succeeded.

Time Elapsed 00:00:03.82
