Build started 9/2/2015 8:58:57 PM.
     1>Project "E:\VS2015\RIT\VixenEngine\VS2015\VGraphics\VGraphics.vcxproj" on node 2 (Build target(s)).
     1>C:\Program Files (x86)\MSBuild\Microsoft.Cpp\v4.0\V140\Microsoft.CppBuild.targets(392,5): warning MSB8028: The intermediate directory (E:\VS2015\RIT\VixenEngine\VS2015\Temp\x64\Debug\) contains files shared from another project (VCore.vcxproj, VGame.vcxproj).  This can lead to incorrect clean and rebuild behavior.
     1>ClCompile:
         C:\Program Files (x86)\Microsoft Visual Studio 14.0\VC\bin\x86_amd64\CL.exe /c /ZI /nologo /W3 /WX- /sdl /Od /D _DEBUG /D _CONSOLE /D _WINDLL /D _UNICODE /D UNICODE /D VIX_NONCLIENT_BUILD /Gm /EHsc /RTC1 /MDd /GS /fp:precise /Zc:wchar_t /Zc:forScope /Zc:inline /Fo"E:\VS2015\RIT\VixenEngine\VS2015\Temp\x64\Debug\\" /Fd"E:\VS2015\RIT\VixenEngine\VS2015\Temp\x64\Debug\vc140.pdb" /Gd /TP /errorReport:prompt ..\..\source\vgraphics\directx\vix_dxspritebatcher.cpp
         vix_dxspritebatcher.cpp
       Link:
         C:\Program Files (x86)\Microsoft Visual Studio 14.0\VC\bin\x86_amd64\link.exe /ERRORREPORT:PROMPT /OUT:"E:\VS2015\RIT\VixenEngine\VS2015\..\dependencies\x64\Vixen\VGraphics\VGraphicsd.dll" /INCREMENTAL /NOLOGO VCored.lib tinyxml2.lib FreeImage.lib d3d11.lib d3dcompiler.lib assimp.lib kernel32.lib user32.lib gdi32.lib winspool.lib comdlg32.lib advapi32.lib shell32.lib ole32.lib oleaut32.lib uuid.lib odbc32.lib odbccp32.lib /MANIFEST /MANIFESTUAC:"level='asInvoker' uiAccess='false'" /manifest:embed /Debug /PDB:"E:\VS2015\RIT\VixenEngine\VS2015\..\dependencies\x64\Vixen\VGraphics\VGraphicsd.pdb" /SUBSYSTEM:CONSOLE /TLBID:1 /DYNAMICBASE /NXCOMPAT /IMPLIB:"E:\VS2015\RIT\VixenEngine\VS2015\..\dependencies\x64\Vixen\VGraphics\VGraphicsd.lib" /MACHINE:X64 /DLL E:\VS2015\RIT\VixenEngine\VS2015\Temp\x64\Debug\vix_dxcamera2d.obj
         E:\VS2015\RIT\VixenEngine\VS2015\Temp\x64\Debug\vix_dxcamera3d.obj
         E:\VS2015\RIT\VixenEngine\VS2015\Temp\x64\Debug\vix_dxindexbuffer.obj
         E:\VS2015\RIT\VixenEngine\VS2015\Temp\x64\Debug\vix_dxmodel.obj
         E:\VS2015\RIT\VixenEngine\VS2015\Temp\x64\Debug\vix_dxpixelshader.obj
         E:\VS2015\RIT\VixenEngine\VS2015\Temp\x64\Debug\vix_dxrenderer.obj
         E:\VS2015\RIT\VixenEngine\VS2015\Temp\x64\Debug\vix_dxresourceloader.obj
         E:\VS2015\RIT\VixenEngine\VS2015\Temp\x64\Debug\vix_dxshader.obj
         E:\VS2015\RIT\VixenEngine\VS2015\Temp\x64\Debug\vix_dxspritebatcher.obj
         E:\VS2015\RIT\VixenEngine\VS2015\Temp\x64\Debug\vix_dxtexture.obj
         E:\VS2015\RIT\VixenEngine\VS2015\Temp\x64\Debug\vix_dxvertexbuffer.obj
         E:\VS2015\RIT\VixenEngine\VS2015\Temp\x64\Debug\vix_dxvertexshader.obj
         E:\VS2015\RIT\VixenEngine\VS2015\Temp\x64\Debug\vix_assimp.obj
         E:\VS2015\RIT\VixenEngine\VS2015\Temp\x64\Debug\vix_freeimage.obj
         E:\VS2015\RIT\VixenEngine\VS2015\Temp\x64\Debug\vix_math.obj
         E:\VS2015\RIT\VixenEngine\VS2015\Temp\x64\Debug\vix_rectangle.obj
         E:\VS2015\RIT\VixenEngine\VS2015\Temp\x64\Debug\vix_renderer.obj
         E:\VS2015\RIT\VixenEngine\VS2015\Temp\x64\Debug\vix_transform.obj
         E:\VS2015\RIT\VixenEngine\VS2015\Temp\x64\Debug\vix_vector2.obj
         E:\VS2015\RIT\VixenEngine\VS2015\Temp\x64\Debug\vix_vector3.obj
         VGraphics.vcxproj -> E:\VS2015\RIT\VixenEngine\VS2015\..\dependencies\x64\Vixen\VGraphics\VGraphicsd.dll
       PostBuildEvent:
         xcopy /y "E:\VS2015\RIT\VixenEngine\VS2015\..\dependencies\x64\Vixen\VGraphics\VGraphicsd.dll" "E:\VS2015\RIT\VixenEngine\VS2015\x64\Debug"
         :VCEnd
         E:\VS2015\RIT\VixenEngine\VS2015\..\dependencies\x64\Vixen\VGraphics\VGraphicsd.dll
         1 File(s) copied
     1>Done Building Project "E:\VS2015\RIT\VixenEngine\VS2015\VGraphics\VGraphics.vcxproj" (Build target(s)).

Build succeeded.

Time Elapsed 00:00:01.41
