Build started 11/7/2015 5:46:23 PM.
     1>Project "D:\Users\mpg7287\bullet3-2.83.6\src\BulletCollision\BulletCollision.vcxproj" on node 3 (Build target(s)).
     1>CustomBuild:
         Building Custom Rule D:/Users/mpg7287/bullet3-2.83.6/src/BulletCollision/CMakeLists.txt
         CMake does not need to re-run because D:\Users\mpg7287\bullet3-2.83.6\src\BulletCollision\CMakeFiles\generate.stamp is up-to-date.
       ClCompile:
         C:\Program Files (x86)\Microsoft Visual Studio 14.0\VC\bin\x86_amd64\CL.exe /c /I"D:\Users\mpg7287\bullet3-2.83.6\src" /nologo /W3 /WX- /O2 /Ob2 /D WIN32 /D NDEBUG /D USE_GRAPHICAL_BENCHMARK /D _CRT_SECURE_NO_WARNINGS /D _CRT_SECURE_NO_DEPRECATE /D _SCL_SECURE_NO_WARNINGS /D "CMAKE_INTDIR=\"Release\"" /D _MBCS /Gm- /EHsc /MT /GS /arch:SSE /fp:fast /Zc:wchar_t /Zc:forScope /Zc:inline /GR /Fo"x64\Release\\" /Fd"x64\Release\BulletCollision.pdb" /Gd /TP /errorReport:prompt "D:\Users\mpg7287\bullet3-2.83.6\src\BulletCollision\BroadphaseCollision\btAxisSweep3.cpp" "D:\Users\mpg7287\bullet3-2.83.6\src\BulletCollision\BroadphaseCollision\btBroadphaseProxy.cpp" "D:\Users\mpg7287\bullet3-2.83.6\src\BulletCollision\BroadphaseCollision\btCollisionAlgorithm.cpp" "D:\Users\mpg7287\bullet3-2.83.6\src\BulletCollision\BroadphaseCollision\btDbvt.cpp" "D:\Users\mpg7287\bullet3-2.83.6\src\BulletCollision\BroadphaseCollision\btDbvtBroadphase.cpp" "D:\Users\mpg7287\bullet3-2.83.6\src\BulletCollision\BroadphaseCollision\btDispatcher.cpp" "D:\Users\mpg7287\bullet3-2.83.6\src\BulletCollision\BroadphaseCollision\btMultiSapBroadphase.cpp" "D:\Users\mpg7287\bullet3-2.83.6\src\BulletCollision\BroadphaseCollision\btOverlappingPairCache.cpp" "D:\Users\mpg7287\bullet3-2.83.6\src\BulletCollision\BroadphaseCollision\btQuantizedBvh.cpp" "D:\Users\mpg7287\bullet3-2.83.6\src\BulletCollision\BroadphaseCollision\btSimpleBroadphase.cpp" "D:\Users\mpg7287\bullet3-2.83.6\src\BulletCollision\CollisionDispatch\btActivatingCollisionAlgorithm.cpp" "D:\Users\mpg7287\bullet3-2.83.6\src\BulletCollision\CollisionDispatch\btBoxBoxCollisionAlgorithm.cpp" "D:\Users\mpg7287\bullet3-2.83.6\src\BulletCollision\CollisionDispatch\btBox2dBox2dCollisionAlgorithm.cpp" "D:\Users\mpg7287\bullet3-2.83.6\src\BulletCollision\CollisionDispatch\btBoxBoxDetector.cpp" "D:\Users\mpg7287\bullet3-2.83.6\src\BulletCollision\CollisionDispatch\btCollisionDispatcher.cpp" "D:\Users\mpg7287\bullet3-2.83.6\src\BulletCollision\CollisionDispatch\btCollisionObject.cpp" "D:\Users\mpg7287\bullet3-2.83.6\src\BulletCollision\CollisionDispatch\btCollisionWorld.cpp" "D:\Users\mpg7287\bullet3-2.83.6\src\BulletCollision\CollisionDispatch\btCollisionWorldImporter.cpp" "D:\Users\mpg7287\bullet3-2.83.6\src\BulletCollision\CollisionDispatch\btCompoundCollisionAlgorithm.cpp" "D:\Users\mpg7287\bullet3-2.83.6\src\BulletCollision\CollisionDispatch\btCompoundCompoundCollisionAlgorithm.cpp" "D:\Users\mpg7287\bullet3-2.83.6\src\BulletCollision\CollisionDispatch\btConvexConcaveCollisionAlgorithm.cpp" "D:\Users\mpg7287\bullet3-2.83.6\src\BulletCollision\CollisionDispatch\btConvexConvexAlgorithm.cpp" "D:\Users\mpg7287\bullet3-2.83.6\src\BulletCollision\CollisionDispatch\btConvexPlaneCollisionAlgorithm.cpp" "D:\Users\mpg7287\bullet3-2.83.6\src\BulletCollision\CollisionDispatch\btConvex2dConvex2dAlgorithm.cpp" "D:\Users\mpg7287\bullet3-2.83.6\src\BulletCollision\CollisionDispatch\btDefaultCollisionConfiguration.cpp" "D:\Users\mpg7287\bullet3-2.83.6\src\BulletCollision\CollisionDispatch\btEmptyCollisionAlgorithm.cpp" "D:\Users\mpg7287\bullet3-2.83.6\src\BulletCollision\CollisionDispatch\btGhostObject.cpp" "D:\Users\mpg7287\bullet3-2.83.6\src\BulletCollision\CollisionDispatch\btHashedSimplePairCache.cpp" "D:\Users\mpg7287\bullet3-2.83.6\src\BulletCollision\CollisionDispatch\btInternalEdgeUtility.cpp" "D:\Users\mpg7287\bullet3-2.83.6\src\BulletCollision\CollisionDispatch\btManifoldResult.cpp" "D:\Users\mpg7287\bullet3-2.83.6\src\BulletCollision\CollisionDispatch\btSimulationIslandManager.cpp" "D:\Users\mpg7287\bullet3-2.83.6\src\BulletCollision\CollisionDispatch\btSphereBoxCollisionAlgorithm.cpp" "D:\Users\mpg7287\bullet3-2.83.6\src\BulletCollision\CollisionDispatch\btSphereSphereCollisionAlgorithm.cpp" "D:\Users\mpg7287\bullet3-2.83.6\src\BulletCollision\CollisionDispatch\btSphereTriangleCollisionAlgorithm.cpp" "D:\Users\mpg7287\bullet3-2.83.6\src\BulletCollision\CollisionDispatch\btUnionFind.cpp" "D:\Users\mpg7287\bullet3-2.83.6\src\BulletCollision\CollisionDispatch\SphereTriangleDetector.cpp" "D:\Users\mpg7287\bullet3-2.83.6\src\BulletCollision\CollisionShapes\btBoxShape.cpp" "D:\Users\mpg7287\bullet3-2.83.6\src\BulletCollision\CollisionShapes\btBox2dShape.cpp" "D:\Users\mpg7287\bullet3-2.83.6\src\BulletCollision\CollisionShapes\btBvhTriangleMeshShape.cpp" "D:\Users\mpg7287\bullet3-2.83.6\src\BulletCollision\CollisionShapes\btCapsuleShape.cpp" "D:\Users\mpg7287\bullet3-2.83.6\src\BulletCollision\CollisionShapes\btCollisionShape.cpp" "D:\Users\mpg7287\bullet3-2.83.6\src\BulletCollision\CollisionShapes\btCompoundShape.cpp" "D:\Users\mpg7287\bullet3-2.83.6\src\BulletCollision\CollisionShapes\btConcaveShape.cpp" "D:\Users\mpg7287\bullet3-2.83.6\src\BulletCollision\CollisionShapes\btConeShape.cpp" "D:\Users\mpg7287\bullet3-2.83.6\src\BulletCollision\CollisionShapes\btConvexHullShape.cpp" "D:\Users\mpg7287\bullet3-2.83.6\src\BulletCollision\CollisionShapes\btConvexInternalShape.cpp" "D:\Users\mpg7287\bullet3-2.83.6\src\BulletCollision\CollisionShapes\btConvexPointCloudShape.cpp" "D:\Users\mpg7287\bullet3-2.83.6\src\BulletCollision\CollisionShapes\btConvexPolyhedron.cpp" "D:\Users\mpg7287\bullet3-2.83.6\src\BulletCollision\CollisionShapes\btConvexShape.cpp" "D:\Users\mpg7287\bullet3-2.83.6\src\BulletCollision\CollisionShapes\btConvex2dShape.cpp" "D:\Users\mpg7287\bullet3-2.83.6\src\BulletCollision\CollisionShapes\btConvexTriangleMeshShape.cpp" "D:\Users\mpg7287\bullet3-2.83.6\src\BulletCollision\CollisionShapes\btCylinderShape.cpp" "D:\Users\mpg7287\bullet3-2.83.6\src\BulletCollision\CollisionShapes\btEmptyShape.cpp" "D:\Users\mpg7287\bullet3-2.83.6\src\BulletCollision\CollisionShapes\btHeightfieldTerrainShape.cpp" "D:\Users\mpg7287\bullet3-2.83.6\src\BulletCollision\CollisionShapes\btMinkowskiSumShape.cpp" "D:\Users\mpg7287\bullet3-2.83.6\src\BulletCollision\CollisionShapes\btMultimaterialTriangleMeshShape.cpp" "D:\Users\mpg7287\bullet3-2.83.6\src\BulletCollision\CollisionShapes\btMultiSphereShape.cpp" "D:\Users\mpg7287\bullet3-2.83.6\src\BulletCollision\CollisionShapes\btOptimizedBvh.cpp" "D:\Users\mpg7287\bullet3-2.83.6\src\BulletCollision\CollisionShapes\btPolyhedralConvexShape.cpp" "D:\Users\mpg7287\bullet3-2.83.6\src\BulletCollision\CollisionShapes\btScaledBvhTriangleMeshShape.cpp" "D:\Users\mpg7287\bullet3-2.83.6\src\BulletCollision\CollisionShapes\btShapeHull.cpp" "D:\Users\mpg7287\bullet3-2.83.6\src\BulletCollision\CollisionShapes\btSphereShape.cpp" "D:\Users\mpg7287\bullet3-2.83.6\src\BulletCollision\CollisionShapes\btStaticPlaneShape.cpp" "D:\Users\mpg7287\bullet3-2.83.6\src\BulletCollision\CollisionShapes\btStridingMeshInterface.cpp" "D:\Users\mpg7287\bullet3-2.83.6\src\BulletCollision\CollisionShapes\btTetrahedronShape.cpp" "D:\Users\mpg7287\bullet3-2.83.6\src\BulletCollision\CollisionShapes\btTriangleBuffer.cpp" "D:\Users\mpg7287\bullet3-2.83.6\src\BulletCollision\CollisionShapes\btTriangleCallback.cpp" "D:\Users\mpg7287\bullet3-2.83.6\src\BulletCollision\CollisionShapes\btTriangleIndexVertexArray.cpp" "D:\Users\mpg7287\bullet3-2.83.6\src\BulletCollision\CollisionShapes\btTriangleIndexVertexMaterialArray.cpp" "D:\Users\mpg7287\bullet3-2.83.6\src\BulletCollision\CollisionShapes\btTriangleMesh.cpp" "D:\Users\mpg7287\bullet3-2.83.6\src\BulletCollision\CollisionShapes\btTriangleMeshShape.cpp" "D:\Users\mpg7287\bullet3-2.83.6\src\BulletCollision\CollisionShapes\btUniformScalingShape.cpp" "D:\Users\mpg7287\bullet3-2.83.6\src\BulletCollision\Gimpact\btContactProcessing.cpp" "D:\Users\mpg7287\bullet3-2.83.6\src\BulletCollision\Gimpact\btGenericPoolAllocator.cpp" "D:\Users\mpg7287\bullet3-2.83.6\src\BulletCollision\Gimpact\btGImpactBvh.cpp" "D:\Users\mpg7287\bullet3-2.83.6\src\BulletCollision\Gimpact\btGImpactCollisionAlgorithm.cpp" "D:\Users\mpg7287\bullet3-2.83.6\src\BulletCollision\Gimpact\btGImpactQuantizedBvh.cpp" "D:\Users\mpg7287\bullet3-2.83.6\src\BulletCollision\Gimpact\btGImpactShape.cpp" "D:\Users\mpg7287\bullet3-2.83.6\src\BulletCollision\Gimpact\btTriangleShapeEx.cpp" "D:\Users\mpg7287\bullet3-2.83.6\src\BulletCollision\Gimpact\gim_box_set.cpp" "D:\Users\mpg7287\bullet3-2.83.6\src\BulletCollision\Gimpact\gim_contact.cpp" "D:\Users\mpg7287\bullet3-2.83.6\src\BulletCollision\Gimpact\gim_memory.cpp" "D:\Users\mpg7287\bullet3-2.83.6\src\BulletCollision\Gimpact\gim_tri_collision.cpp" "D:\Users\mpg7287\bullet3-2.83.6\src\BulletCollision\NarrowPhaseCollision\btContinuousConvexCollision.cpp" "D:\Users\mpg7287\bullet3-2.83.6\src\BulletCollision\NarrowPhaseCollision\btConvexCast.cpp" "D:\Users\mpg7287\bullet3-2.83.6\src\BulletCollision\NarrowPhaseCollision\btGjkConvexCast.cpp" "D:\Users\mpg7287\bullet3-2.83.6\src\BulletCollision\NarrowPhaseCollision\btGjkEpa2.cpp" "D:\Users\mpg7287\bullet3-2.83.6\src\BulletCollision\NarrowPhaseCollision\btGjkEpaPenetrationDepthSolver.cpp" "D:\Users\mpg7287\bullet3-2.83.6\src\BulletCollision\NarrowPhaseCollision\btGjkPairDetector.cpp" "D:\Users\mpg7287\bullet3-2.83.6\src\BulletCollision\NarrowPhaseCollision\btMinkowskiPenetrationDepthSolver.cpp" "D:\Users\mpg7287\bullet3-2.83.6\src\BulletCollision\NarrowPhaseCollision\btPersistentManifold.cpp" "D:\Users\mpg7287\bullet3-2.83.6\src\BulletCollision\NarrowPhaseCollision\btRaycastCallback.cpp" "D:\Users\mpg7287\bullet3-2.83.6\src\BulletCollision\NarrowPhaseCollision\btSubSimplexConvexCast.cpp" "D:\Users\mpg7287\bullet3-2.83.6\src\BulletCollision\NarrowPhaseCollision\btVoronoiSimplexSolver.cpp" "D:\Users\mpg7287\bullet3-2.83.6\src\BulletCollision\NarrowPhaseCollision\btPolyhedralContactClipping.cpp"
     1>cl : Command line warning D9002: ignoring unknown option '/arch:SSE'
         btAxisSweep3.cpp
         btBroadphaseProxy.cpp
         btCollisionAlgorithm.cpp
         btDbvt.cpp
         btDbvtBroadphase.cpp
         btDispatcher.cpp
         btMultiSapBroadphase.cpp
         btOverlappingPairCache.cpp
         btQuantizedBvh.cpp
         btSimpleBroadphase.cpp
         btActivatingCollisionAlgorithm.cpp
         btBoxBoxCollisionAlgorithm.cpp
         btBox2dBox2dCollisionAlgorithm.cpp
         btBoxBoxDetector.cpp
         btCollisionDispatcher.cpp
         btCollisionObject.cpp
         btCollisionWorld.cpp
         btCollisionWorldImporter.cpp
         btCompoundCollisionAlgorithm.cpp
         btCompoundCompoundCollisionAlgorithm.cpp
         Generating Code...
         Compiling...
         btConvexConcaveCollisionAlgorithm.cpp
         btConvexConvexAlgorithm.cpp
         btConvexPlaneCollisionAlgorithm.cpp
         btConvex2dConvex2dAlgorithm.cpp
         btDefaultCollisionConfiguration.cpp
         btEmptyCollisionAlgorithm.cpp
         btGhostObject.cpp
         btHashedSimplePairCache.cpp
         btInternalEdgeUtility.cpp
         btManifoldResult.cpp
         btSimulationIslandManager.cpp
         btSphereBoxCollisionAlgorithm.cpp
         btSphereSphereCollisionAlgorithm.cpp
         btSphereTriangleCollisionAlgorithm.cpp
         btUnionFind.cpp
         SphereTriangleDetector.cpp
         btBoxShape.cpp
         btBox2dShape.cpp
         btBvhTriangleMeshShape.cpp
         btCapsuleShape.cpp
         Generating Code...
         Compiling...
         btCollisionShape.cpp
         btCompoundShape.cpp
         btConcaveShape.cpp
         btConeShape.cpp
         btConvexHullShape.cpp
         btConvexInternalShape.cpp
         btConvexPointCloudShape.cpp
         btConvexPolyhedron.cpp
         btConvexShape.cpp
         btConvex2dShape.cpp
         btConvexTriangleMeshShape.cpp
         btCylinderShape.cpp
         btEmptyShape.cpp
         btHeightfieldTerrainShape.cpp
         btMinkowskiSumShape.cpp
         btMultimaterialTriangleMeshShape.cpp
         btMultiSphereShape.cpp
         btOptimizedBvh.cpp
         btPolyhedralConvexShape.cpp
         btScaledBvhTriangleMeshShape.cpp
         Generating Code...
         Compiling...
         btShapeHull.cpp
         btSphereShape.cpp
         btStaticPlaneShape.cpp
         btStridingMeshInterface.cpp
         btTetrahedronShape.cpp
         btTriangleBuffer.cpp
         btTriangleCallback.cpp
         btTriangleIndexVertexArray.cpp
         btTriangleIndexVertexMaterialArray.cpp
         btTriangleMesh.cpp
         btTriangleMeshShape.cpp
         btUniformScalingShape.cpp
         btContactProcessing.cpp
         btGenericPoolAllocator.cpp
         btGImpactBvh.cpp
         btGImpactCollisionAlgorithm.cpp
         btGImpactQuantizedBvh.cpp
         btGImpactShape.cpp
         btTriangleShapeEx.cpp
         gim_box_set.cpp
         Generating Code...
         Compiling...
         gim_contact.cpp
         gim_memory.cpp
         gim_tri_collision.cpp
         btContinuousConvexCollision.cpp
         btConvexCast.cpp
         btGjkConvexCast.cpp
         btGjkEpa2.cpp
         btGjkEpaPenetrationDepthSolver.cpp
         btGjkPairDetector.cpp
         btMinkowskiPenetrationDepthSolver.cpp
         btPersistentManifold.cpp
         btRaycastCallback.cpp
         btSubSimplexConvexCast.cpp
         btVoronoiSimplexSolver.cpp
         btPolyhedralContactClipping.cpp
         Generating Code...
       Lib:
         C:\Program Files (x86)\Microsoft Visual Studio 14.0\VC\bin\x86_amd64\Lib.exe /OUT:"D:\Users\mpg7287\bullet3-2.83.6\x64\Release\BulletCollision.lib" /NOLOGO /MACHINE:X64 x64\Release\btAxisSweep3.obj
         x64\Release\btBroadphaseProxy.obj
         x64\Release\btCollisionAlgorithm.obj
         x64\Release\btDbvt.obj
         x64\Release\btDbvtBroadphase.obj
         x64\Release\btDispatcher.obj
         x64\Release\btMultiSapBroadphase.obj
         x64\Release\btOverlappingPairCache.obj
         x64\Release\btQuantizedBvh.obj
         x64\Release\btSimpleBroadphase.obj
         x64\Release\btActivatingCollisionAlgorithm.obj
         x64\Release\btBoxBoxCollisionAlgorithm.obj
         x64\Release\btBox2dBox2dCollisionAlgorithm.obj
         x64\Release\btBoxBoxDetector.obj
         x64\Release\btCollisionDispatcher.obj
         x64\Release\btCollisionObject.obj
         x64\Release\btCollisionWorld.obj
         x64\Release\btCollisionWorldImporter.obj
         x64\Release\btCompoundCollisionAlgorithm.obj
         x64\Release\btCompoundCompoundCollisionAlgorithm.obj
         x64\Release\btConvexConcaveCollisionAlgorithm.obj
         x64\Release\btConvexConvexAlgorithm.obj
         x64\Release\btConvexPlaneCollisionAlgorithm.obj
         x64\Release\btConvex2dConvex2dAlgorithm.obj
         x64\Release\btDefaultCollisionConfiguration.obj
         x64\Release\btEmptyCollisionAlgorithm.obj
         x64\Release\btGhostObject.obj
         x64\Release\btHashedSimplePairCache.obj
         x64\Release\btInternalEdgeUtility.obj
         x64\Release\btManifoldResult.obj
         x64\Release\btSimulationIslandManager.obj
         x64\Release\btSphereBoxCollisionAlgorithm.obj
         x64\Release\btSphereSphereCollisionAlgorithm.obj
         x64\Release\btSphereTriangleCollisionAlgorithm.obj
         x64\Release\btUnionFind.obj
         x64\Release\SphereTriangleDetector.obj
         x64\Release\btBoxShape.obj
         x64\Release\btBox2dShape.obj
         x64\Release\btBvhTriangleMeshShape.obj
         x64\Release\btCapsuleShape.obj
         x64\Release\btCollisionShape.obj
         x64\Release\btCompoundShape.obj
         x64\Release\btConcaveShape.obj
         x64\Release\btConeShape.obj
         x64\Release\btConvexHullShape.obj
         x64\Release\btConvexInternalShape.obj
         x64\Release\btConvexPointCloudShape.obj
         x64\Release\btConvexPolyhedron.obj
         x64\Release\btConvexShape.obj
         x64\Release\btConvex2dShape.obj
         x64\Release\btConvexTriangleMeshShape.obj
         x64\Release\btCylinderShape.obj
         x64\Release\btEmptyShape.obj
         x64\Release\btHeightfieldTerrainShape.obj
         x64\Release\btMinkowskiSumShape.obj
         x64\Release\btMultimaterialTriangleMeshShape.obj
         x64\Release\btMultiSphereShape.obj
         x64\Release\btOptimizedBvh.obj
         x64\Release\btPolyhedralConvexShape.obj
         x64\Release\btScaledBvhTriangleMeshShape.obj
         x64\Release\btShapeHull.obj
         x64\Release\btSphereShape.obj
         x64\Release\btStaticPlaneShape.obj
         x64\Release\btStridingMeshInterface.obj
         x64\Release\btTetrahedronShape.obj
         x64\Release\btTriangleBuffer.obj
         x64\Release\btTriangleCallback.obj
         x64\Release\btTriangleIndexVertexArray.obj
         x64\Release\btTriangleIndexVertexMaterialArray.obj
         x64\Release\btTriangleMesh.obj
         x64\Release\btTriangleMeshShape.obj
         x64\Release\btUniformScalingShape.obj
         x64\Release\btContactProcessing.obj
         x64\Release\btGenericPoolAllocator.obj
         x64\Release\btGImpactBvh.obj
         x64\Release\btGImpactCollisionAlgorithm.obj
         x64\Release\btGImpactQuantizedBvh.obj
         x64\Release\btGImpactShape.obj
         x64\Release\btTriangleShapeEx.obj
         x64\Release\gim_box_set.obj
         x64\Release\gim_contact.obj
         x64\Release\gim_memory.obj
         x64\Release\gim_tri_collision.obj
         x64\Release\btContinuousConvexCollision.obj
         x64\Release\btConvexCast.obj
         x64\Release\btGjkConvexCast.obj
         x64\Release\btGjkEpa2.obj
         x64\Release\btGjkEpaPenetrationDepthSolver.obj
         x64\Release\btGjkPairDetector.obj
         x64\Release\btMinkowskiPenetrationDepthSolver.obj
         x64\Release\btPersistentManifold.obj
         x64\Release\btRaycastCallback.obj
         x64\Release\btSubSimplexConvexCast.obj
         x64\Release\btVoronoiSimplexSolver.obj
         x64\Release\btPolyhedralContactClipping.obj
         BulletCollision.vcxproj -> D:\Users\mpg7287\bullet3-2.83.6\x64\Release\BulletCollision.lib
     1>Done Building Project "D:\Users\mpg7287\bullet3-2.83.6\src\BulletCollision\BulletCollision.vcxproj" (Build target(s)).

Build succeeded.

Time Elapsed 00:01:39.85
