Build started 11/7/2015 5:58:12 PM.
     1>Project "D:\Users\mpg7287\bullet3-2.83.6\src\Bullet3Common\Bullet3Common.vcxproj" on node 3 (Build target(s)).
     1>ClCompile:
         C:\Program Files (x86)\Microsoft Visual Studio 14.0\VC\bin\x86_amd64\CL.exe /c /I"D:\Users\mpg7287\bullet3-2.83.6\src" /Zi /nologo /W3 /WX- /Od /Ob0 /D WIN32 /D _DEBUG /D _DEBUG /D USE_GRAPHICAL_BENCHMARK /D _CRT_SECURE_NO_WARNINGS /D _CRT_SECURE_NO_DEPRECATE /D _SCL_SECURE_NO_WARNINGS /D "CMAKE_INTDIR=\"Debug\"" /D _WINDLL /D _MBCS /Gm- /EHsc /RTC1 /MTd /GS /arch:SSE /fp:fast /Zc:wchar_t /Zc:forScope /Zc:inline /GR /Fo"x64\Debug\\" /Fd"x64\Debug\vc140.pdb" /Gd /TP /errorReport:prompt "D:\Users\mpg7287\bullet3-2.83.6\src\Bullet3Common\b3AlignedAllocator.cpp" "D:\Users\mpg7287\bullet3-2.83.6\src\Bullet3Common\b3Vector3.cpp" "D:\Users\mpg7287\bullet3-2.83.6\src\Bullet3Common\b3Logging.cpp"
     1>cl : Command line warning D9002: ignoring unknown option '/arch:SSE'
         b3AlignedAllocator.cpp
         b3Vector3.cpp
     1>D:\Users\mpg7287\bullet3-2.83.6\src\Bullet3Common\b3Vector3.cpp(170): warning C4267: '=': conversion from 'size_t' to 'long', possible loss of data
     1>D:\Users\mpg7287\bullet3-2.83.6\src\Bullet3Common\b3Vector3.cpp(175): warning C4267: '-=': conversion from 'size_t' to 'unsigned long', possible loss of data
     1>D:\Users\mpg7287\bullet3-2.83.6\src\Bullet3Common\b3Vector3.cpp(418): warning C4267: '=': conversion from 'size_t' to 'long', possible loss of data
     1>D:\Users\mpg7287\bullet3-2.83.6\src\Bullet3Common\b3Vector3.cpp(556): warning C4267: '=': conversion from 'size_t' to 'long', possible loss of data
     1>D:\Users\mpg7287\bullet3-2.83.6\src\Bullet3Common\b3Vector3.cpp(561): warning C4267: '-=': conversion from 'size_t' to 'unsigned long', possible loss of data
     1>D:\Users\mpg7287\bullet3-2.83.6\src\Bullet3Common\b3Vector3.cpp(807): warning C4267: '=': conversion from 'size_t' to 'long', possible loss of data
         b3Logging.cpp
         Generating Code...
       Link:
         C:\Program Files (x86)\Microsoft Visual Studio 14.0\VC\bin\x86_amd64\link.exe /ERRORREPORT:PROMPT /OUT:"D:\Users\mpg7287\bullet3-2.83.6\x64\Debug\Bullet3Common_Debug.lib" /NOLOGO kernel32.lib user32.lib gdi32.lib winspool.lib comdlg32.lib advapi32.lib shell32.lib ole32.lib oleaut32.lib uuid.lib odbc32.lib odbccp32.lib /MANIFEST /MANIFESTUAC:"level='asInvoker' uiAccess='false'" /manifest:embed /DEBUG /PDB:"D:\Users\mpg7287\bullet3-2.83.6\x64\Debug\Bullet3Common_Debug.pdb" /TLBID:1 /DYNAMICBASE /NXCOMPAT /IMPLIB:"D:\Users\mpg7287\bullet3-2.83.6\x64\Debug\Bullet3Common_Debug.lib" /MACHINE:X64 /DLL x64\Debug\b3AlignedAllocator.obj
         x64\Debug\b3Vector3.obj
         x64\Debug\b3Logging.obj
         Bullet3Common.vcxproj -> D:\Users\mpg7287\bullet3-2.83.6\x64\Debug\Bullet3Common_Debug.lib
     1>Done Building Project "D:\Users\mpg7287\bullet3-2.83.6\src\Bullet3Common\Bullet3Common.vcxproj" (Build target(s)).

Build succeeded.

Time Elapsed 00:00:03.29
